17:19:43.433 [main] DEBUG testCases.tc_001_AccountRegistrationTest - debug logs
17:19:49.698 [main] INFO  testCases.tc_001_NoCommeceLoginTest - *** Starting NoCommeceLoginTest ****
17:19:49.702 [main] DEBUG testCases.tc_001_NoCommeceLoginTest - capturing application debug logs...
17:19:50.817 [main] INFO  testCases.tc_001_NoCommeceLoginTest - clicked on login link...
17:19:50.838 [main] INFO  testCases.tc_001_NoCommeceLoginTest - Entering valid email and password...
17:19:51.726 [main] INFO  testCases.tc_001_NoCommeceLoginTest - Clicked login button...
17:20:06.901 [main] ERROR testCases.tc_001_NoCommeceLoginTest - Login test Failed...
17:24:40.045 [main] INFO  testCases.tc_001_AccountRegistrationTest - ********starting tc_001_AccountRegistrationTest********
17:24:40.053 [main] DEBUG testCases.tc_001_AccountRegistrationTest - application logs...
17:24:55.124 [main] ERROR testCases.tc_001_AccountRegistrationTest - test failed...
17:24:55.125 [main] DEBUG testCases.tc_001_AccountRegistrationTest - debug logs
17:25:33.986 [main] INFO  testCases.tc_001_AccountRegistrationTest - ********starting tc_001_AccountRegistrationTest********
17:25:33.999 [main] DEBUG testCases.tc_001_AccountRegistrationTest - application logs...
17:25:49.094 [main] ERROR testCases.tc_001_AccountRegistrationTest - test failed...
17:25:49.094 [main] DEBUG testCases.tc_001_AccountRegistrationTest - debug logs
17:27:10.123 [main] INFO  testCases.tc_001_NoCommeceLoginTest - *** Starting NoCommeceLoginTest ****
17:27:10.134 [main] DEBUG testCases.tc_001_NoCommeceLoginTest - capturing application debug logs...
17:27:12.530 [main] INFO  testCases.tc_001_NoCommeceLoginTest - clicked on login link...
17:27:12.556 [main] INFO  testCases.tc_001_NoCommeceLoginTest - Entering valid email and password...
17:27:13.539 [main] INFO  testCases.tc_001_NoCommeceLoginTest - Clicked login button...
17:27:28.634 [main] ERROR testCases.tc_001_NoCommeceLoginTest - Login test Failed...
17:29:39.648 [main] INFO  testCases.tc_001_NoCommeceLoginTest - *** Starting NoCommeceLoginTest ****
17:29:39.654 [main] DEBUG testCases.tc_001_NoCommeceLoginTest - capturing application debug logs...
17:29:40.704 [main] INFO  testCases.tc_001_NoCommeceLoginTest - clicked on login link...
17:29:40.716 [main] INFO  testCases.tc_001_NoCommeceLoginTest - Entering valid email and password...
17:29:41.700 [main] INFO  testCases.tc_001_NoCommeceLoginTest - Clicked login button...
17:29:56.804 [main] ERROR testCases.tc_001_NoCommeceLoginTest - Login test Failed...
17:51:07.412 [main] INFO  testCases.tc_001_NoCommeceLoginTest - *** Starting NoCommeceLoginTest ****
17:51:07.428 [main] DEBUG testCases.tc_001_NoCommeceLoginTest - capturing application debug logs...
17:51:09.214 [main] INFO  testCases.tc_001_NoCommeceLoginTest - clicked on login link...
17:51:09.221 [main] INFO  testCases.tc_001_NoCommeceLoginTest - Entering valid email and password...
17:51:10.116 [main] INFO  testCases.tc_001_NoCommeceLoginTest - Clicked login button...
17:51:25.291 [main] ERROR testCases.tc_001_NoCommeceLoginTest - Login test Failed...
17:55:36.303 [main] INFO  testCases.tc_001_NoCommeceLoginTest - *** Starting NoCommeceLoginTest ****
17:55:36.319 [main] DEBUG testCases.tc_001_NoCommeceLoginTest - capturing application debug logs...
17:55:37.214 [main] INFO  testCases.tc_001_NoCommeceLoginTest - clicked on login link...
17:55:37.217 [main] INFO  testCases.tc_001_NoCommeceLoginTest - Entering valid email and password...
17:55:37.999 [main] INFO  testCases.tc_001_NoCommeceLoginTest - Clicked login button...
17:55:53.131 [main] ERROR testCases.tc_001_NoCommeceLoginTest - Login test Failed...
12:37:38.010 [main] INFO  testCases.tc_001_NoCommeceLoginTest - *** Starting NoCommeceLoginTest ****
12:37:38.017 [main] DEBUG testCases.tc_001_NoCommeceLoginTest - capturing application debug logs...
12:37:39.512 [main] INFO  testCases.tc_001_NoCommeceLoginTest - clicked on login link...
12:37:39.562 [main] INFO  testCases.tc_001_NoCommeceLoginTest - Entering valid email and password...
12:37:41.074 [main] INFO  testCases.tc_001_NoCommeceLoginTest - Clicked login button...
12:37:41.165 [main] INFO  testCases.tc_001_NoCommeceLoginTest - Login test passed...
12:37:42.148 [main] INFO  testCases.tc_001_NoCommeceLoginTest - *** Finished NoCommeceLoginTest ***
14:24:37.960 [main] INFO  testCases.tc_001_NoCommeceLoginTest - *** Starting NoCommeceLoginTest ****
14:24:37.975 [main] DEBUG testCases.tc_001_NoCommeceLoginTest - capturing application debug logs...
14:24:39.366 [main] INFO  testCases.tc_001_NoCommeceLoginTest - clicked on login link...
14:24:39.369 [main] INFO  testCases.tc_001_NoCommeceLoginTest - Entering valid email and password...
14:24:40.352 [main] INFO  testCases.tc_001_NoCommeceLoginTest - Clicked login button...
14:24:55.464 [main] ERROR testCases.tc_001_NoCommeceLoginTest - Login test Failed...
15:09:50.880 [main] INFO  testCases.tc_001_NoCommeceLoginTest - *** Starting NoCommeceLoginTest ****
