20:18:16.614 [main] INFO  testCases.TC_003_NoCommerce_Login_DataDriven_Test - Clicked login button...
20:18:31.767 [main] INFO  testCases.TC_003_NoCommerce_Login_DataDriven_Test - ******Finished Data Driven Testing******
20:18:31.781 [main] INFO  testCases.TC_003_NoCommerce_Login_DataDriven_Test - ***Staring TC_003_NoCommerce_Login_DataDriven_Test***
20:18:32.448 [main] INFO  testCases.TC_003_NoCommerce_Login_DataDriven_Test - clicked on login link...
20:18:32.455 [main] INFO  testCases.TC_003_NoCommerce_Login_DataDriven_Test - Entering valid email and password...
20:18:33.330 [main] INFO  testCases.TC_003_NoCommerce_Login_DataDriven_Test - Clicked login button...
20:20:19.935 [main] INFO  testCases.tc_001_NoCommeceLoginTest - *** Starting NoCommeceLoginTest ****
20:20:19.955 [main] DEBUG testCases.tc_001_NoCommeceLoginTest - capturing application debug logs...
20:20:21.004 [main] INFO  testCases.tc_001_NoCommeceLoginTest - clicked on login link...
20:20:21.013 [main] INFO  testCases.tc_001_NoCommeceLoginTest - Entering valid email and password...
20:20:21.889 [main] INFO  testCases.tc_001_NoCommeceLoginTest - Clicked login button...
20:20:36.954 [main] ERROR testCases.tc_001_NoCommeceLoginTest - Login test Failed...
20:37:40.833 [main] INFO  testCases.tc_001_NoCommeceLoginTest - *** Starting NoCommeceLoginTest ****
20:37:40.881 [main] DEBUG testCases.tc_001_NoCommeceLoginTest - capturing application debug logs...
20:37:42.917 [main] INFO  testCases.tc_001_NoCommeceLoginTest - clicked on login link...
20:37:42.969 [main] INFO  testCases.tc_001_NoCommeceLoginTest - Entering valid email and password...
20:37:44.222 [main] INFO  testCases.tc_001_NoCommeceLoginTest - Clicked login button...
20:37:44.369 [main] INFO  testCases.tc_001_NoCommeceLoginTest - Login test passed...
20:37:45.288 [main] INFO  testCases.tc_001_NoCommeceLoginTest - *** Finished NoCommeceLoginTest ***
17:03:13.197 [main] INFO  testCases.tc_001_AccountRegistrationTest - ********starting tc_001_AccountRegistrationTest********
17:03:13.255 [main] DEBUG testCases.tc_001_AccountRegistrationTest - application logs...
17:03:28.400 [main] ERROR testCases.tc_001_AccountRegistrationTest - test failed...
17:03:28.401 [main] DEBUG testCases.tc_001_AccountRegistrationTest - debug logs
17:03:33.874 [main] INFO  testCases.tc_001_NoCommeceLoginTest - *** Starting NoCommeceLoginTest ****
17:03:33.875 [main] DEBUG testCases.tc_001_NoCommeceLoginTest - capturing application debug logs...
17:03:35.017 [main] INFO  testCases.tc_001_NoCommeceLoginTest - clicked on login link...
17:03:35.020 [main] INFO  testCases.tc_001_NoCommeceLoginTest - Entering valid email and password...
17:03:35.883 [main] INFO  testCases.tc_001_NoCommeceLoginTest - Clicked login button...
17:03:50.967 [main] ERROR testCases.tc_001_NoCommeceLoginTest - Login test Failed...
17:13:33.691 [main] INFO  testCases.tc_001_AccountRegistrationTest - ********starting tc_001_AccountRegistrationTest********
17:13:33.708 [main] DEBUG testCases.tc_001_AccountRegistrationTest - application logs...
17:13:48.807 [main] ERROR testCases.tc_001_AccountRegistrationTest - test failed...
17:13:48.808 [main] DEBUG testCases.tc_001_AccountRegistrationTest - debug logs
17:13:52.935 [main] INFO  testCases.tc_001_NoCommeceLoginTest - *** Starting NoCommeceLoginTest ****
17:13:52.935 [main] DEBUG testCases.tc_001_NoCommeceLoginTest - capturing application debug logs...
17:13:54.359 [main] INFO  testCases.tc_001_NoCommeceLoginTest - clicked on login link...
17:13:54.381 [main] INFO  testCases.tc_001_NoCommeceLoginTest - Entering valid email and password...
17:13:55.156 [main] INFO  testCases.tc_001_NoCommeceLoginTest - Clicked login button...
17:14:10.291 [main] ERROR testCases.tc_001_NoCommeceLoginTest - Login test Failed...
17:16:32.169 [main] INFO  testCases.tc_001_AccountRegistrationTest - ********starting tc_001_AccountRegistrationTest********
17:16:32.175 [main] DEBUG testCases.tc_001_AccountRegistrationTest - application logs...
17:16:47.254 [main] ERROR testCases.tc_001_AccountRegistrationTest - test failed...
17:16:47.254 [main] DEBUG testCases.tc_001_AccountRegistrationTest - debug logs
17:16:50.826 [main] INFO  testCases.tc_001_NoCommeceLoginTest - *** Starting NoCommeceLoginTest ****
17:16:50.826 [main] DEBUG testCases.tc_001_NoCommeceLoginTest - capturing application debug logs...
17:16:51.768 [main] INFO  testCases.tc_001_NoCommeceLoginTest - clicked on login link...
17:16:51.773 [main] INFO  testCases.tc_001_NoCommeceLoginTest - Entering valid email and password...
17:16:52.636 [main] INFO  testCases.tc_001_NoCommeceLoginTest - Clicked login button...
17:17:07.764 [main] ERROR testCases.tc_001_NoCommeceLoginTest - Login test Failed...
17:19:28.288 [main] INFO  testCases.tc_001_AccountRegistrationTest - ********starting tc_001_AccountRegistrationTest********
17:19:28.305 [main] DEBUG testCases.tc_001_AccountRegistrationTest - application logs...
17:19:43.430 [main] ERROR testCases.tc_001_AccountRegistrationTest - test failed...
