20:00:02.203 [TestNG-tests-2] INFO  testCases.tc_001_AccountRegistrationTest - Clicked on registration link
20:00:02.232 [TestNG-tests-2] INFO  testCases.tc_001_AccountRegistrationTest - *****Entering Customer Details*******
20:00:11.078 [TestNG-tests-1] INFO  testCases.tc_001_AccountRegistrationTest - Clicked on 'Continue'
20:00:13.414 [TestNG-tests-1] INFO  testCases.tc_001_AccountRegistrationTest - Validating confirmation message...
20:00:13.415 [TestNG-tests-1] ERROR testCases.tc_001_AccountRegistrationTest - Test Failed...
20:00:13.434 [TestNG-tests-1] INFO  testCases.tc_001_AccountRegistrationTest - ********Finished tc_001_AccountRegistrationTest***********
20:00:24.131 [TestNG-tests-2] INFO  testCases.tc_001_AccountRegistrationTest - Clicked on 'Continue'
20:00:28.077 [TestNG-tests-2] INFO  testCases.tc_001_AccountRegistrationTest - Validating confirmation message...
20:00:28.078 [TestNG-tests-2] ERROR testCases.tc_001_AccountRegistrationTest - Test Failed...
20:00:28.078 [TestNG-tests-2] INFO  testCases.tc_001_AccountRegistrationTest - ********Finished tc_001_AccountRegistrationTest***********
20:01:02.712 [TestNG-tests-1] INFO  testCases.tc_001_AccountRegistrationTest - ********starting tc_001_AccountRegistrationTest********
20:01:02.721 [TestNG-tests-1] DEBUG testCases.tc_001_AccountRegistrationTest - application logs...
20:01:03.835 [TestNG-tests-1] INFO  testCases.tc_001_AccountRegistrationTest - Clicked on My Account link
20:01:05.365 [TestNG-tests-1] INFO  testCases.tc_001_AccountRegistrationTest - Clicked on registration link
20:01:05.366 [TestNG-tests-1] INFO  testCases.tc_001_AccountRegistrationTest - *****Entering Customer Details*******
20:01:07.567 [TestNG-tests-2] INFO  testCases.tc_001_AccountRegistrationTest - ********starting tc_001_AccountRegistrationTest********
20:01:07.568 [TestNG-tests-2] DEBUG testCases.tc_001_AccountRegistrationTest - application logs...
20:01:20.802 [TestNG-tests-2] INFO  testCases.tc_001_AccountRegistrationTest - Clicked on My Account link
20:01:22.455 [TestNG-tests-1] INFO  testCases.tc_001_AccountRegistrationTest - Clicked on 'Continue'
20:01:22.531 [TestNG-tests-2] INFO  testCases.tc_001_AccountRegistrationTest - Clicked on registration link
20:01:22.531 [TestNG-tests-2] INFO  testCases.tc_001_AccountRegistrationTest - *****Entering Customer Details*******
20:01:34.462 [TestNG-tests-2] INFO  testCases.tc_001_AccountRegistrationTest - Clicked on 'Continue'
20:01:37.612 [TestNG-tests-1] INFO  testCases.tc_001_AccountRegistrationTest - Validating confirmation message...
20:01:37.613 [TestNG-tests-1] ERROR testCases.tc_001_AccountRegistrationTest - Test Failed...
20:01:37.619 [TestNG-tests-1] INFO  testCases.tc_001_AccountRegistrationTest - ********Finished tc_001_AccountRegistrationTest***********
20:01:49.510 [TestNG-tests-2] INFO  testCases.tc_001_AccountRegistrationTest - Validating confirmation message...
20:01:49.510 [TestNG-tests-2] ERROR testCases.tc_001_AccountRegistrationTest - Test Failed...
20:01:49.511 [TestNG-tests-2] INFO  testCases.tc_001_AccountRegistrationTest - ********Finished tc_001_AccountRegistrationTest***********
20:16:41.020 [main] INFO  testCases.tc_001_AccountRegistrationTest - ********starting tc_001_AccountRegistrationTest********
20:16:41.037 [main] DEBUG testCases.tc_001_AccountRegistrationTest - application logs...
20:16:41.772 [main] INFO  testCases.tc_001_AccountRegistrationTest - Clicked on My Account link
20:16:42.838 [main] INFO  testCases.tc_001_AccountRegistrationTest - Clicked on registration link
20:16:42.838 [main] INFO  testCases.tc_001_AccountRegistrationTest - *****Entering Customer Details*******
20:16:43.594 [main] INFO  testCases.tc_001_AccountRegistrationTest - Clicked on 'Continue'
20:16:58.676 [main] INFO  testCases.tc_001_AccountRegistrationTest - Validating confirmation message...
20:16:58.678 [main] ERROR testCases.tc_001_AccountRegistrationTest - Test Failed...
20:16:58.685 [main] INFO  testCases.tc_001_AccountRegistrationTest - ********Finished tc_001_AccountRegistrationTest***********
15:43:34.559 [main] INFO  testCases.tc_001_AccountRegistrationTest - ********starting tc_001_AccountRegistrationTest********
15:43:34.571 [main] DEBUG testCases.tc_001_AccountRegistrationTest - application logs...
15:43:40.935 [main] ERROR testCases.tc_001_AccountRegistrationTest - test failed...
15:43:40.940 [main] DEBUG testCases.tc_001_AccountRegistrationTest - debug logs
13:48:07.760 [main] INFO  testCases.tc_001_NoCommeceLoginTest - *** Starting NoCommeceLoginTest ****
13:50:07.217 [main] INFO  testCases.tc_001_NoCommeceLoginTest - *** Starting NoCommeceLoginTest ****
13:53:47.894 [main] INFO  testCases.tc_001_NoCommeceLoginTest - *** Starting NoCommeceLoginTest ****
13:56:30.585 [main] INFO  testCases.tc_001_NoCommeceLoginTest - *** Starting NoCommeceLoginTest ****
13:59:37.449 [main] INFO  testCases.tc_001_NoCommeceLoginTest - *** Starting NoCommeceLoginTest ****
13:59:37.461 [main] DEBUG testCases.tc_001_NoCommeceLoginTest - capturing application debug logs...
